Using pre-set license
Built from '2020.3/staging' branch; Version is '2020.3.33f1 (915a7af8b0d5) revision 9525882'; Using compiler version '192528614'; Build Type 'Release'
OS: 'Windows 11  (10.0.22000) 64bit Core' Language: 'ko' Physical Memory: 16057 MB
BatchMode: 1, IsHumanControllingUs: 0, StartBugReporterOnCrash: 0, Is64bit: 1, IsPro: 0

COMMAND LINE ARGUMENTS:
C:\Program Files\Unity 2020.3.33f1\Editor\Unity.exe
-adb2
-batchMode
-noUpm
-name
AssetImportWorker1
-projectPath
C:/Users/so405/Desktop/디션/dission-project/dission
-logFile
Logs/AssetImportWorker1.log
-srvPort
51659
Successfully changed project path to: C:/Users/so405/Desktop/디션/dission-project/dission
C:/Users/so405/Desktop/디션/dission-project/dission
Using Asset Import Pipeline V2.
Refreshing native plugins compatible for Editor in 62.43 ms, found 2 plugins.
Preloading 0 native plugins for Editor in 0.00 ms.
Initialize engine version: 2020.3.33f1 (915a7af8b0d5)
[Subsystems] Discovering subsystems at path C:/Program Files/Unity 2020.3.33f1/Editor/Data/Resources/UnitySubsystems
[Subsystems] Discovering subsystems at path C:/Users/so405/Desktop/디션/dission-project/dission/Assets
GfxDevice: creating device client; threaded=0
Direct3D:
    Version:  Direct3D 11.0 [level 11.1]
    Renderer: NVIDIA GeForce MX450 (ID=0x1f97)
    Vendor:   
    VRAM:     1928 MB
    Driver:   27.21.14.5256
Initialize mono
Mono path[0] = 'C:/Program Files/Unity 2020.3.33f1/Editor/Data/Managed'
Mono path[1] = 'C:/Program Files/Unity 2020.3.33f1/Editor/Data/MonoBleedingEdge/lib/mono/unityjit'
Mono config path = 'C:/Program Files/Unity 2020.3.33f1/Editor/Data/MonoBleedingEdge/etc'
Using monoOptions --debugger-agent=transport=dt_socket,embedding=1,server=y,suspend=n,address=127.0.0.1:56340
Begin MonoManager ReloadAssembly
Registering precompiled unity dll's ...
Register platform support module: C:/Program Files/Unity 2020.3.33f1/Editor/Data/PlaybackEngines/WindowsStandaloneSupport/UnityEditor.WindowsStandalone.Extensions.dll
Registered in 0.002977 seconds.
Native extension for WindowsStandalone target not found
Refreshing native plugins compatible for Editor in 52.54 ms, found 2 plugins.
Preloading 0 native plugins for Editor in 0.00 ms.
Mono: successfully reloaded assembly
- Completed reload, in  0.860 seconds
Domain Reload Profiling:
	ReloadAssembly (861ms)
		BeginReloadAssembly (76ms)
			ExecutionOrderSort (0ms)
			DisableScriptedObjects (0ms)
			BackupInstance (0ms)
			ReleaseScriptingObjects (0ms)
			CreateAndSetChildDomain (1ms)
		EndReloadAssembly (592ms)
			LoadAssemblies (73ms)
			RebuildTransferFunctionScriptingTraits (0ms)
			SetupTypeCache (233ms)
			ReleaseScriptCaches (0ms)
			RebuildScriptCaches (36ms)
			SetupLoadedEditorAssemblies (201ms)
				LogAssemblyErrors (0ms)
				InitializePlatformSupportModulesInManaged (15ms)
				SetLoadedEditorAssemblies (1ms)
				RefreshPlugins (53ms)
				BeforeProcessingInitializeOnLoad (9ms)
				ProcessInitializeOnLoadAttributes (91ms)
				ProcessInitializeOnLoadMethodAttributes (32ms)
				AfterProcessingInitializeOnLoad (0ms)
				EditorAssembliesLoaded (0ms)
			ExecutionOrderSort2 (0ms)
			AwakeInstancesAfterBackupRestoration (0ms)
Platform modules already initialized, skipping
Registering precompiled user dll's ...
Registered in 0.003021 seconds.
Begin MonoManager ReloadAssembly
Symbol file LoadedFromMemory doesn't match image C:\Users\so405\Desktop\디션\dission-project\dission\Library\PackageCache\com.unity.collab-proxy@1.15.15\Lib\Editor\PlasticSCM\unityplastic.dll
Native extension for WindowsStandalone target not found
Refreshing native plugins compatible for Editor in 0.69 ms, found 2 plugins.
Preloading 0 native plugins for Editor in 0.00 ms.
Mono: successfully reloaded assembly
- Completed reload, in  6.802 seconds
Domain Reload Profiling:
	ReloadAssembly (6811ms)
		BeginReloadAssembly (186ms)
			ExecutionOrderSort (0ms)
			DisableScriptedObjects (5ms)
			BackupInstance (0ms)
			ReleaseScriptingObjects (0ms)
			CreateAndSetChildDomain (25ms)
		EndReloadAssembly (6539ms)
			LoadAssemblies (2352ms)
			RebuildTransferFunctionScriptingTraits (1ms)
			SetupTypeCache (2207ms)
			ReleaseScriptCaches (1ms)
			RebuildScriptCaches (51ms)
			SetupLoadedEditorAssemblies (1767ms)
				LogAssemblyErrors (0ms)
				InitializePlatformSupportModulesInManaged (6ms)
				SetLoadedEditorAssemblies (1ms)
				RefreshPlugins (1ms)
				BeforeProcessingInitializeOnLoad (67ms)
				ProcessInitializeOnLoadAttributes (538ms)
				ProcessInitializeOnLoadMethodAttributes (1147ms)
				AfterProcessingInitializeOnLoad (7ms)
				EditorAssembliesLoaded (0ms)
			ExecutionOrderSort2 (0ms)
			AwakeInstancesAfterBackupRestoration (6ms)
Platform modules already initialized, skipping
========================================================================
Worker process is ready to serve import requests
Launched and connected shader compiler UnityShaderCompiler.exe after 0.05 seconds
Refreshing native plugins compatible for Editor in 0.51 ms, found 2 plugins.
Preloading 0 native plugins for Editor in 0.00 ms.
Unloading 1509 Unused Serialized files (Serialized files now loaded: 0)
System memory in use before: 142.7 MB.
System memory in use after: 142.7 MB.

Unloading 16 unused Assets to reduce memory usage. Loaded Objects now: 1950.
Total: 5.302000 ms (FindLiveObjects: 0.295200 ms CreateObjectMapping: 0.096100 ms MarkObjects: 4.794100 ms  DeleteObjects: 0.114300 ms)

AssetImportParameters requested are different than current active one (requested -> active):
  custom:framework-win-MediaFoundation: 216162199b28c13a410421893ffa2e32 -> 
  custom:video-decoder-ogg-theora: a1e56fd34408186e4bbccfd4996cb3dc -> 
  custom:container-muxer-webm: aa71ff27fc2769a1b78a27578f13a17b -> 
  custom:container-demuxer-webm: 4f35f7cbe854078d1ac9338744f61a02 -> 
  custom:container-demuxer-ogg: 62fdf1f143b41e24485cea50d1cbac27 -> 
  custom:video-encoder-webm-vp8: eb34c28f22e8b96e1ab97ce403110664 -> 
  custom:video-codec-MediaFoundation-h265: 746d11721c4dcdbdad8f713fa42b33f4 -> 
  custom:video-decoder-webm-vp8: 9c59270c3fd7afecdb556c50c9e8de78 -> 
  custom:audio-decoder-ogg-vorbis: bf7c407c2cedff20999df2af8eb42d56 -> 
  custom:audio-encoder-webm-vorbis: bf7c407c2cedff20999df2af8eb42d56 -> 
========================================================================
Received Import Request.
  path: Assets/SimpleLowPolyNature/Scenes/SceneDemoAsset
  artifactKey: Guid(f1cb0ac6ac2a1b24e9ba7d358353264c) Importer(815301076,1909f56bfc062723c751e8b465ee728b)
Start importing Assets/SimpleLowPolyNature/Scenes/SceneDemoAsset using Guid(f1cb0ac6ac2a1b24e9ba7d358353264c) Importer(815301076,1909f56bfc062723c751e8b465ee728b)  -> (artifact id: 'd9663c4a6ab69283f9c71252dcddabb8') in 0.017039 seconds 
========================================================================
Received Import Request.
  Time since last request: 0.000265 seconds.
  path: Assets/SimpleLowPolyNature/Scenes/DemoNight.unity
  artifactKey: Guid(a098ae9106bc995448a4aba7dfe6a4db) Importer(815301076,1909f56bfc062723c751e8b465ee728b)
Start importing Assets/SimpleLowPolyNature/Scenes/DemoNight.unity using Guid(a098ae9106bc995448a4aba7dfe6a4db) Importer(815301076,1909f56bfc062723c751e8b465ee728b)  -> (artifact id: '001df2764ac7fc5bfc5f6d8068578c63') in 0.011782 seconds 
========================================================================
Received Import Request.
  Time since last request: 0.000273 seconds.
  path: Assets/SimpleLowPolyNature/Scenes
  artifactKey: Guid(42f24a6993a5efe45921fa92af43b7e9) Importer(815301076,1909f56bfc062723c751e8b465ee728b)
Start importing Assets/SimpleLowPolyNature/Scenes using Guid(42f24a6993a5efe45921fa92af43b7e9) Importer(815301076,1909f56bfc062723c751e8b465ee728b)  -> (artifact id: '2faf99341c913d6d88856495d7e4e7c8') in 0.020403 seconds 
========================================================================
Received Import Request.
  Time since last request: 0.000197 seconds.
  path: Assets/SimpleLowPolyNature/Lowpoly Demo Post-processing Profile.asset
  artifactKey: Guid(8474767a16347414bbd97f6670a97ea8) Importer(815301076,1909f56bfc062723c751e8b465ee728b)
Start importing Assets/SimpleLowPolyNature/Lowpoly Demo Post-processing Profile.asset using Guid(8474767a16347414bbd97f6670a97ea8) Importer(815301076,1909f56bfc062723c751e8b465ee728b)  -> (artifact id: '49eaf5fde14af1b004e0934bfe694bd8') in 0.127523 seconds 
========================================================================
Received Import Request.
  Time since last request: 0.000932 seconds.
  path: Assets/SimpleLowPolyNature/Scenes/DemoDay.unity
  artifactKey: Guid(304a5748b784bc241be3c08d67013b21) Importer(815301076,1909f56bfc062723c751e8b465ee728b)
Start importing Assets/SimpleLowPolyNature/Scenes/DemoDay.unity using Guid(304a5748b784bc241be3c08d67013b21) Importer(815301076,1909f56bfc062723c751e8b465ee728b)  -> (artifact id: '46032d567e9d2fbd7de0eb41bc0c78d6') in 0.027058 seconds 
========================================================================
Received Import Request.
  Time since last request: 0.000534 seconds.
  path: Assets/SimpleLowPolyNature/Scenes/PrefabsScene.unity
  artifactKey: Guid(5ae366fa2c5d6bc4197d7b09d5ea5fa3) Importer(815301076,1909f56bfc062723c751e8b465ee728b)
Start importing Assets/SimpleLowPolyNature/Scenes/PrefabsScene.unity using Guid(5ae366fa2c5d6bc4197d7b09d5ea5fa3) Importer(815301076,1909f56bfc062723c751e8b465ee728b)  -> (artifact id: '3ed568d0f851bcf03308ae821dab496a') in 0.016079 seconds 
AssetImportWorkerClient::OnTransportError - code=2 error=End of file
